[2016-11-02 10:34:08] Thread(2544, ExceptionCode: 0xC0000005, ExceptionAddress: 0055FFBC):
   -[Error:0x1e7](0x55FFBC, <D:\File\libaoRobot\Robot_12 - ¸±±¾\ÑþÑþ³µÏÕ×¨ÓÃä¯ÀÀÆ÷.exe 0x1:0x15EFBC>)
   -[Error:0x1e7](0x459160, <D:\File\libaoRobot\Robot_12 - ¸±±¾\ÑþÑþ³µÏÕ×¨ÓÃä¯ÀÀÆ÷.exe 0x1:0x58160>)
   -[Error:0x1e7](0x45936D, <D:\File\libaoRobot\Robot_12 - ¸±±¾\ÑþÑþ³µÏÕ×¨ÓÃä¯ÀÀÆ÷.exe 0x1:0x5836D>)
   -[Error:0x1e7](0x45148B, <D:\File\libaoRobot\Robot_12 - ¸±±¾\ÑþÑþ³µÏÕ×¨ÓÃä¯ÀÀÆ÷.exe 0x1:0x5048B>)
   -[Error:0x1e7](0x455C8B, <D:\File\libaoRobot\Robot_12 - ¸±±¾\ÑþÑþ³µÏÕ×¨ÓÃä¯ÀÀÆ÷.exe 0x1:0x54C8B>)
   -[Error:0x1e7](0x4567AA, <D:\File\libaoRobot\Robot_12 - ¸±±¾\ÑþÑþ³µÏÕ×¨ÓÃä¯ÀÀÆ÷.exe 0x1:0x557AA>)
   -[Error:0x1e7](0x4527C4, <D:\File\libaoRobot\Robot_12 - ¸±±¾\ÑþÑþ³µÏÕ×¨ÓÃä¯ÀÀÆ÷.exe 0x1:0x517C4>)
   -[Error:0x1e7](0x454FD2, <D:\File\libaoRobot\Robot_12 - ¸±±¾\ÑþÑþ³µÏÕ×¨ÓÃä¯ÀÀÆ÷.exe 0x1:0x53FD2>)
   -[Error:0x1e7](0x45505F, <D:\File\libaoRobot\Robot_12 - ¸±±¾\ÑþÑþ³µÏÕ×¨ÓÃä¯ÀÀÆ÷.exe 0x1:0x5405F>)
   -(gapfnScSendMessage)
   -(gapfnScSendMessage)
   -(GetWindowLongW)
   -(GetDC)
   -(KiUserCallbackDispatcher)
   -[Error:0x1e7](0x568B62, <D:\File\libaoRobot\Robot_12 - ¸±±¾\ÑþÑþ³µÏÕ×¨ÓÃä¯ÀÀÆ÷.exe 0x1:0x167B62>)
   -[Error:0x1e7](0x454C36, <D:\File\libaoRobot\Robot_12 - ¸±±¾\ÑþÑþ³µÏÕ×¨ÓÃä¯ÀÀÆ÷.exe 0x1:0x53C36>)
   -[Error:0x1e7](0x462D34, <D:\File\libaoRobot\Robot_12 - ¸±±¾\ÑþÑþ³µÏÕ×¨ÓÃä¯ÀÀÆ÷.exe 0x1:0x61D34>)
   -(MiniDumpWriteDump)
   -[Error:0x7e](0x36F44D0, <D:\File\libaoRobot\Robot_12 - ¸±±¾\ÑþÑþ³µÏÕ×¨ÓÃä¯ÀÀÆ÷.exe 0x0:0x0>)
[2016-11-03 11:33:14] Thread(8588, ExceptionCode: 0xC0000005, ExceptionAddress: 102341A3):
   -[Error:0x7e](0x102341A3, <C:\Users\lee\Documents\Visual Studio 2005\Projects\RunRobotTese\debug\RunRobotTese.dll 0x2:0x181A3>)
   -[Error:0x1e7](0x5622CE, <D:\File\libaoRobot\Robot_12 - ¸±±¾\ÑþÑþ³µÏÕ×¨ÓÃä¯ÀÀÆ÷.exe 0x1:0x1612CE>)
   -(BaseThreadInitThunk)
   -(RtlInitializeExceptionChain)
   -(RtlInitializeExceptionChain)
[2016-11-03 11:34:08] Thread(3232, ExceptionCode: 0xC0000005, ExceptionAddress: 0F9A41A3):
   -[Error:0x7e](0xF9A41A3, <C:\Users\lee\Documents\Visual Studio 2005\Projects\RunRobotTese\debug\RunRobotTese.dll 0x2:0x181A3>)
   -[Error:0x1e7](0x5622CE, <D:\File\libaoRobot\Robot_12 - ¸±±¾\ÑþÑþ³µÏÕ×¨ÓÃä¯ÀÀÆ÷.exe 0x1:0x1612CE>)
   -(BaseThreadInitThunk)
   -(RtlInitializeExceptionChain)
   -(RtlInitializeExceptionChain)
[2016-11-03 14:52:57] Thread(10992, ExceptionCode: 0xC0000005, ExceptionAddress: 0F424973):
   -[Error:0x7e](0xF424973, <C:\Users\lee\Documents\Visual Studio 2005\Projects\RunRobotTese\debug\RunRobotTese.dll 0x2:0x18973>)
   -[Error:0x1e7](0x5622CE, <D:\File\libaoRobot\Robot_12 - ¸±±¾\ÑþÑþ³µÏÕ×¨ÓÃä¯ÀÀÆ÷.exe 0x1:0x1612CE>)
   -(BaseThreadInitThunk)
   -(RtlInitializeExceptionChain)
   -(RtlInitializeExceptionChain)
[2016-11-03 14:53:27] Thread(5788, ExceptionCode: 0xC0000005, ExceptionAddress: 0D464973):
   -[Error:0x7e](0xD464973, <C:\Users\lee\Documents\Visual Studio 2005\Projects\RunRobotTese\debug\RunRobotTese.dll 0x2:0x18973>)
   -[Error:0x1e7](0x5622CE, <D:\File\libaoRobot\Robot_12 - ¸±±¾\ÑþÑþ³µÏÕ×¨ÓÃä¯ÀÀÆ÷.exe 0x1:0x1612CE>)
   -(BaseThreadInitThunk)
   -(RtlInitializeExceptionChain)
   -(RtlInitializeExceptionChain)
[2016-11-03 14:59:55] Thread(7584, ExceptionCode: 0xC0000005, ExceptionAddress: 0BDB4973):
   -[Error:0x7e](0xBDB4973, <C:\Users\lee\Documents\Visual Studio 2005\Projects\RunRobotTese\debug\RunRobotTese.dll 0x2:0x18973>)
   -[Error:0x1e7](0x5622CE, <D:\File\libaoRobot\Robot_12 - ¸±±¾\ÑþÑþ³µÏÕ×¨ÓÃä¯ÀÀÆ÷.exe 0x1:0x1612CE>)
   -(BaseThreadInitThunk)
   -(RtlInitializeExceptionChain)
   -(RtlInitializeExceptionChain)
[2016-11-03 17:04:04] Thread(10804, ExceptionCode: 0xC0000005, ExceptionAddress: 00556202):
   -[Error:0x1e7](0x556202, <D:\File\libaoRobot\Robot_12 - ¸±±¾\ÑþÑþ³µÏÕ×¨ÓÃä¯ÀÀÆ÷.exe 0x1:0x155202>)
[2016-11-09 15:46:43] Thread(11532, ExceptionCode: 0xC0000005, ExceptionAddress: 16A5E5E0):
   -[Error:0x7e](0x16A5E5E0, <C:\Users\lee\Documents\Visual Studio 2005\Projects\RunRobotTese\debug\RunRobotTese.dll 0x2:0x625E0>)
   -[Error:0x7e](0x16A0996C, <C:\Users\lee\Documents\Visual Studio 2005\Projects\RunRobotTese\debug\RunRobotTese.dll 0x2:0xD96C>)
   -[Error:0x7e](0x16A07C17, <C:\Users\lee\Documents\Visual Studio 2005\Projects\RunRobotTese\debug\RunRobotTese.dll 0x2:0xBC17>)
   -[Error:0x7e](0x16A414C4, <C:\Users\lee\Documents\Visual Studio 2005\Projects\RunRobotTese\debug\RunRobotTese.dll 0x2:0x454C4>)
   -[Error:0x1e7](0x5622CE, <D:\File\libaoRobot\Robot_12 - ¸±±¾\ÑþÑþ³µÏÕ×¨ÓÃä¯ÀÀÆ÷.exe 0x1:0x1612CE>)
   -(BaseThreadInitThunk)
   -(RtlInitializeExceptionChain)
   -(RtlInitializeExceptionChain)
[2016-11-09 15:47:09] Thread(424, ExceptionCode: 0xC0000005, ExceptionAddress: 1409E5E0):
   -[Error:0x7e](0x1409E5E0, <C:\Users\lee\Documents\Visual Studio 2005\Projects\RunRobotTese\debug\RunRobotTese.dll 0x2:0x625E0>)
   -[Error:0x7e](0x1404996C, <C:\Users\lee\Documents\Visual Studio 2005\Projects\RunRobotTese\debug\RunRobotTese.dll 0x2:0xD96C>)
   -[Error:0x7e](0x14047C17, <C:\Users\lee\Documents\Visual Studio 2005\Projects\RunRobotTese\debug\RunRobotTese.dll 0x2:0xBC17>)
   -[Error:0x7e](0x140814C4, <C:\Users\lee\Documents\Visual Studio 2005\Projects\RunRobotTese\debug\RunRobotTese.dll 0x2:0x454C4>)
   -[Error:0x1e7](0x5622CE, <D:\File\libaoRobot\Robot_12 - ¸±±¾\ÑþÑþ³µÏÕ×¨ÓÃä¯ÀÀÆ÷.exe 0x1:0x1612CE>)
   -(BaseThreadInitThunk)
   -(RtlInitializeExceptionChain)
   -(RtlInitializeExceptionChain)
[2016-11-09 15:51:45] Thread(12008, ExceptionCode: 0xC0000005, ExceptionAddress: 13EAE5E0):
   -[Error:0x7e](0x13EAE5E0, <C:\Users\lee\Documents\Visual Studio 2005\Projects\RunRobotTese\debug\RunRobotTese.dll 0x2:0x625E0>)
   -[Error:0x7e](0x13E5996C, <C:\Users\lee\Documents\Visual Studio 2005\Projects\RunRobotTese\debug\RunRobotTese.dll 0x2:0xD96C>)
   -[Error:0x7e](0x13E57C17, <C:\Users\lee\Documents\Visual Studio 2005\Projects\RunRobotTese\debug\RunRobotTese.dll 0x2:0xBC17>)
   -[Error:0x7e](0x13E90A56, <C:\Users\lee\Documents\Visual Studio 2005\Projects\RunRobotTese\debug\RunRobotTese.dll 0x2:0x44A56>)
   -[Error:0x1e7](0x5622CE, <D:\File\libaoRobot\Robot_12 - ¸±±¾\ÑþÑþ³µÏÕ×¨ÓÃä¯ÀÀÆ÷.exe 0x1:0x1612CE>)
   -(BaseThreadInitThunk)
   -(RtlInitializeExceptionChain)
   -(RtlInitializeExceptionChain)
[2016-11-09 15:52:53] Thread(11136, ExceptionCode: 0xC0000005, ExceptionAddress: 13EEE5E0):
   -[Error:0x7e](0x13EEE5E0, <C:\Users\lee\Documents\Visual Studio 2005\Projects\RunRobotTese\debug\RunRobotTese.dll 0x2:0x625E0>)
   -[Error:0x7e](0x13E9996C, <C:\Users\lee\Documents\Visual Studio 2005\Projects\RunRobotTese\debug\RunRobotTese.dll 0x2:0xD96C>)
   -[Error:0x7e](0x13E97C17, <C:\Users\lee\Documents\Visual Studio 2005\Projects\RunRobotTese\debug\RunRobotTese.dll 0x2:0xBC17>)
   -[Error:0x7e](0x13ED0A56, <C:\Users\lee\Documents\Visual Studio 2005\Projects\RunRobotTese\debug\RunRobotTese.dll 0x2:0x44A56>)
   -[Error:0x1e7](0x5622CE, <D:\File\libaoRobot\Robot_12 - ¸±±¾\ÑþÑþ³µÏÕ×¨ÓÃä¯ÀÀÆ÷.exe 0x1:0x1612CE>)
   -(BaseThreadInitThunk)
   -(RtlInitializeExceptionChain)
   -(RtlInitializeExceptionChain)
[2016-11-09 15:53:36] Thread(792, ExceptionCode: 0xC0000005, ExceptionAddress: 13EEE630):
   -[Error:0x7e](0x13EEE630, <C:\Users\lee\Documents\Visual Studio 2005\Projects\RunRobotTese\debug\RunRobotTese.dll 0x2:0x62630>)
   -[Error:0x7e](0x13E9996C, <C:\Users\lee\Documents\Visual Studio 2005\Projects\RunRobotTese\debug\RunRobotTese.dll 0x2:0xD96C>)
   -[Error:0x7e](0x13E97C17, <C:\Users\lee\Documents\Visual Studio 2005\Projects\RunRobotTese\debug\RunRobotTese.dll 0x2:0xBC17>)
   -[Error:0x7e](0x13ED0A73, <C:\Users\lee\Documents\Visual Studio 2005\Projects\RunRobotTese\debug\RunRobotTese.dll 0x2:0x44A73>)
   -[Error:0x1e7](0x5622CE, <D:\File\libaoRobot\Robot_12 - ¸±±¾\ÑþÑþ³µÏÕ×¨ÓÃä¯ÀÀÆ÷.exe 0x1:0x1612CE>)
   -(BaseThreadInitThunk)
   -(RtlInitializeExceptionChain)
   -(RtlInitializeExceptionChain)
[2016-11-09 15:54:02] Thread(6116, ExceptionCode: 0xC0000005, ExceptionAddress: 1102E630):
   -[Error:0x7e](0x1102E630, <C:\Users\lee\Documents\Visual Studio 2005\Projects\RunRobotTese\debug\RunRobotTese.dll 0x2:0x62630>)
   -[Error:0x7e](0x10FD996C, <C:\Users\lee\Documents\Visual Studio 2005\Projects\RunRobotTese\debug\RunRobotTese.dll 0x2:0xD96C>)
   -[Error:0x7e](0x10FD7C17, <C:\Users\lee\Documents\Visual Studio 2005\Projects\RunRobotTese\debug\RunRobotTese.dll 0x2:0xBC17>)
   -[Error:0x7e](0x11010A73, <C:\Users\lee\Documents\Visual Studio 2005\Projects\RunRobotTese\debug\RunRobotTese.dll 0x2:0x44A73>)
   -[Error:0x1e7](0x5622CE, <D:\File\libaoRobot\Robot_12 - ¸±±¾\ÑþÑþ³µÏÕ×¨ÓÃä¯ÀÀÆ÷.exe 0x1:0x1612CE>)
   -(BaseThreadInitThunk)
   -(RtlInitializeExceptionChain)
   -(RtlInitializeExceptionChain)
[2016-11-09 15:54:47] Thread(8464, ExceptionCode: 0xC0000005, ExceptionAddress: 13E4E520):
   -[Error:0x7e](0x13E4E520, <C:\Users\lee\Documents\Visual Studio 2005\Projects\RunRobotTese\debug\RunRobotTese.dll 0x2:0x62520>)
   -[Error:0x7e](0x13DF994C, <C:\Users\lee\Documents\Visual Studio 2005\Projects\RunRobotTese\debug\RunRobotTese.dll 0x2:0xD94C>)
   -[Error:0x7e](0x13DF7BF7, <C:\Users\lee\Documents\Visual Studio 2005\Projects\RunRobotTese\debug\RunRobotTese.dll 0x2:0xBBF7>)
   -[Error:0x7e](0x13E309C7, <C:\Users\lee\Documents\Visual Studio 2005\Projects\RunRobotTese\debug\RunRobotTese.dll 0x2:0x449C7>)
   -[Error:0x1e7](0x5622CE, <D:\File\libaoRobot\Robot_12 - ¸±±¾\ÑþÑþ³µÏÕ×¨ÓÃä¯ÀÀÆ÷.exe 0x1:0x1612CE>)
   -(BaseThreadInitThunk)
   -(RtlInitializeExceptionChain)
   -(RtlInitializeExceptionChain)
[2016-11-09 15:55:31] Thread(9476, ExceptionCode: 0xC0000005, ExceptionAddress: 13F2D150):
   -[Error:0x7e](0x13F2D150, <C:\Users\lee\Documents\Visual Studio 2005\Projects\RunRobotTese\debug\RunRobotTese.dll 0x2:0x62150>)
   -[Error:0x7e](0x13ED894C, <C:\Users\lee\Documents\Visual Studio 2005\Projects\RunRobotTese\debug\RunRobotTese.dll 0x2:0xD94C>)
   -[Error:0x7e](0x13ED6BF7, <C:\Users\lee\Documents\Visual Studio 2005\Projects\RunRobotTese\debug\RunRobotTese.dll 0x2:0xBBF7>)
   -[Error:0x7e](0x13F0F9C7, <C:\Users\lee\Documents\Visual Studio 2005\Projects\RunRobotTese\debug\RunRobotTese.dll 0x2:0x449C7>)
   -[Error:0x1e7](0x5622CE, <D:\File\libaoRobot\Robot_12 - ¸±±¾\ÑþÑþ³µÏÕ×¨ÓÃä¯ÀÀÆ÷.exe 0x1:0x1612CE>)
   -(BaseThreadInitThunk)
   -(RtlInitializeExceptionChain)
   -(RtlInitializeExceptionChain)
[2016-11-09 15:55:53] Thread(12064, ExceptionCode: 0xC0000005, ExceptionAddress: 13F4D150):
   -[Error:0x7e](0x13F4D150, <C:\Users\lee\Documents\Visual Studio 2005\Projects\RunRobotTese\debug\RunRobotTese.dll 0x2:0x62150>)
   -[Error:0x7e](0x13EF894C, <C:\Users\lee\Documents\Visual Studio 2005\Projects\RunRobotTese\debug\RunRobotTese.dll 0x2:0xD94C>)
   -[Error:0x7e](0x13EF6BF7, <C:\Users\lee\Documents\Visual Studio 2005\Projects\RunRobotTese\debug\RunRobotTese.dll 0x2:0xBBF7>)
   -[Error:0x7e](0x13F2F9C7, <C:\Users\lee\Documents\Visual Studio 2005\Projects\RunRobotTese\debug\RunRobotTese.dll 0x2:0x449C7>)
   -[Error:0x1e7](0x5622CE, <D:\File\libaoRobot\Robot_12 - ¸±±¾\ÑþÑþ³µÏÕ×¨ÓÃä¯ÀÀÆ÷.exe 0x1:0x1612CE>)
   -(BaseThreadInitThunk)
   -(RtlInitializeExceptionChain)
   -(RtlInitializeExceptionChain)
[2016-11-09 15:56:24] Thread(10724, ExceptionCode: 0xC0000005, ExceptionAddress: 173AD150):
   -[Error:0x7e](0x173AD150, <C:\Users\lee\Documents\Visual Studio 2005\Projects\RunRobotTese\debug\RunRobotTese.dll 0x2:0x62150>)
   -[Error:0x7e](0x1735894C, <C:\Users\lee\Documents\Visual Studio 2005\Projects\RunRobotTese\debug\RunRobotTese.dll 0x2:0xD94C>)
   -[Error:0x7e](0x17356BF7, <C:\Users\lee\Documents\Visual Studio 2005\Projects\RunRobotTese\debug\RunRobotTese.dll 0x2:0xBBF7>)
   -[Error:0x7e](0x1738F9E4, <C:\Users\lee\Documents\Visual Studio 2005\Projects\RunRobotTese\debug\RunRobotTese.dll 0x2:0x449E4>)
   -[Error:0x1e7](0x5622CE, <D:\File\libaoRobot\Robot_12 - ¸±±¾\ÑþÑþ³µÏÕ×¨ÓÃä¯ÀÀÆ÷.exe 0x1:0x1612CE>)
   -(BaseThreadInitThunk)
   -(RtlInitializeExceptionChain)
   -(RtlInitializeExceptionChain)
[2016-11-09 15:56:53] Thread(11764, ExceptionCode: 0xC0000005, ExceptionAddress: 13DAD150):
   -[Error:0x7e](0x13DAD150, <C:\Users\lee\Documents\Visual Studio 2005\Projects\RunRobotTese\debug\RunRobotTese.dll 0x2:0x62150>)
   -[Error:0x7e](0x13D5894C, <C:\Users\lee\Documents\Visual Studio 2005\Projects\RunRobotTese\debug\RunRobotTese.dll 0x2:0xD94C>)
   -[Error:0x7e](0x13D56BF7, <C:\Users\lee\Documents\Visual Studio 2005\Projects\RunRobotTese\debug\RunRobotTese.dll 0x2:0xBBF7>)
   -[Error:0x7e](0x13D8F9E4, <C:\Users\lee\Documents\Visual Studio 2005\Projects\RunRobotTese\debug\RunRobotTese.dll 0x2:0x449E4>)
   -[Error:0x1e7](0x5622CE, <D:\File\libaoRobot\Robot_12 - ¸±±¾\ÑþÑþ³µÏÕ×¨ÓÃä¯ÀÀÆ÷.exe 0x1:0x1612CE>)
   -(BaseThreadInitThunk)
   -(RtlInitializeExceptionChain)
   -(RtlInitializeExceptionChain)
[2016-11-09 15:57:47] Thread(11376, ExceptionCode: 0xC0000005, ExceptionAddress: 13EECFE0):
   -[Error:0x7e](0x13EECFE0, <C:\Users\lee\Documents\Visual Studio 2005\Projects\RunRobotTese\debug\RunRobotTese.dll 0x2:0x61FE0>)
   -[Error:0x7e](0x13EC91D1, <C:\Users\lee\Documents\Visual Studio 2005\Projects\RunRobotTese\debug\RunRobotTese.dll 0x2:0x3E1D1>)
   -[Error:0x7e](0x13ECFA09, <C:\Users\lee\Documents\Visual Studio 2005\Projects\RunRobotTese\debug\RunRobotTese.dll 0x2:0x44A09>)
   -[Error:0x1e7](0x5622CE, <D:\File\libaoRobot\Robot_12 - ¸±±¾\ÑþÑþ³µÏÕ×¨ÓÃä¯ÀÀÆ÷.exe 0x1:0x1612CE>)
   -(BaseThreadInitThunk)
   -(RtlInitializeExceptionChain)
   -(RtlInitializeExceptionChain)
[2016-11-09 15:58:10] Thread(12096, ExceptionCode: 0xC0000005, ExceptionAddress: 13EECFE0):
   -[Error:0x7e](0x13EECFE0, <C:\Users\lee\Documents\Visual Studio 2005\Projects\RunRobotTese\debug\RunRobotTese.dll 0x2:0x61FE0>)
   -[Error:0x7e](0x13EC91D1, <C:\Users\lee\Documents\Visual Studio 2005\Projects\RunRobotTese\debug\RunRobotTese.dll 0x2:0x3E1D1>)
   -[Error:0x7e](0x13ECFA09, <C:\Users\lee\Documents\Visual Studio 2005\Projects\RunRobotTese\debug\RunRobotTese.dll 0x2:0x44A09>)
   -[Error:0x1e7](0x5622CE, <D:\File\libaoRobot\Robot_12 - ¸±±¾\ÑþÑþ³µÏÕ×¨ÓÃä¯ÀÀÆ÷.exe 0x1:0x1612CE>)
   -(BaseThreadInitThunk)
   -(RtlInitializeExceptionChain)
   -(RtlInitializeExceptionChain)
[2016-11-09 16:00:01] Thread(12096, ExceptionCode: 0xC0000005, ExceptionAddress: 13F9CFE0):
   -[Error:0x7e](0x13F9CFE0, <C:\Users\lee\Documents\Visual Studio 2005\Projects\RunRobotTese\debug\RunRobotTese.dll 0x2:0x61FE0>)
   -[Error:0x7e](0x13F791D1, <C:\Users\lee\Documents\Visual Studio 2005\Projects\RunRobotTese\debug\RunRobotTese.dll 0x2:0x3E1D1>)
   -[Error:0x7e](0x13F7FA09, <C:\Users\lee\Documents\Visual Studio 2005\Projects\RunRobotTese\debug\RunRobotTese.dll 0x2:0x44A09>)
   -[Error:0x1e7](0x5622CE, <D:\File\libaoRobot\Robot_12 - ¸±±¾\ÑþÑþ³µÏÕ×¨ÓÃä¯ÀÀÆ÷.exe 0x1:0x1612CE>)
   -(BaseThreadInitThunk)
   -(RtlInitializeExceptionChain)
   -(RtlInitializeExceptionChain)
[2016-11-09 16:02:06] Thread(8468, ExceptionCode: 0xC0000005, ExceptionAddress: 13CFD010):
   -[Error:0x7e](0x13CFD010, <C:\Users\lee\Documents\Visual Studio 2005\Projects\RunRobotTese\debug\RunRobotTese.dll 0x2:0x62010>)
   -[Error:0x7e](0x13CD91D1, <C:\Users\lee\Documents\Visual Studio 2005\Projects\RunRobotTese\debug\RunRobotTese.dll 0x2:0x3E1D1>)
   -[Error:0x7e](0x13CDFA26, <C:\Users\lee\Documents\Visual Studio 2005\Projects\RunRobotTese\debug\RunRobotTese.dll 0x2:0x44A26>)
   -[Error:0x1e7](0x5622CE, <D:\File\libaoRobot\Robot_12 - ¸±±¾\ÑþÑþ³µÏÕ×¨ÓÃä¯ÀÀÆ÷.exe 0x1:0x1612CE>)
   -(BaseThreadInitThunk)
   -(RtlInitializeExceptionChain)
   -(RtlInitializeExceptionChain)
[2016-11-09 16:02:56] Thread(1324, ExceptionCode: 0xC0000005, ExceptionAddress: 13F0D010):
   -[Error:0x7e](0x13F0D010, <C:\Users\lee\Documents\Visual Studio 2005\Projects\RunRobotTese\debug\RunRobotTese.dll 0x2:0x62010>)
   -[Error:0x7e](0x13EE91D1, <C:\Users\lee\Documents\Visual Studio 2005\Projects\RunRobotTese\debug\RunRobotTese.dll 0x2:0x3E1D1>)
   -[Error:0x7e](0x13EEFA26, <C:\Users\lee\Documents\Visual Studio 2005\Projects\RunRobotTese\debug\RunRobotTese.dll 0x2:0x44A26>)
   -[Error:0x1e7](0x5622CE, <D:\File\libaoRobot\Robot_12 - ¸±±¾\ÑþÑþ³µÏÕ×¨ÓÃä¯ÀÀÆ÷.exe 0x1:0x1612CE>)
   -(BaseThreadInitThunk)
   -(RtlInitializeExceptionChain)
   -(RtlInitializeExceptionChain)
[2016-11-09 16:10:58] Thread(11212, ExceptionCode: 0xC0000005, ExceptionAddress: 1411E640):
   -[Error:0x7e](0x1411E640, <C:\Users\lee\Documents\Visual Studio 2005\Projects\RunRobotTese\debug\RunRobotTest.dll 0x2:0x62640>)
   -[Error:0x7e](0x140C996C, <C:\Users\lee\Documents\Visual Studio 2005\Projects\RunRobotTese\debug\RunRobotTest.dll 0x2:0xD96C>)
   -[Error:0x7e](0x140C7C17, <C:\Users\lee\Documents\Visual Studio 2005\Projects\RunRobotTese\debug\RunRobotTest.dll 0x2:0xBC17>)
   -[Error:0x7e](0x14100A56, <C:\Users\lee\Documents\Visual Studio 2005\Projects\RunRobotTese\debug\RunRobotTest.dll 0x2:0x44A56>)
   -[Error:0x1e7](0x5622CE, <D:\File\libaoRobot\Robot_12 - ¸±±¾\ÑþÑþ³µÏÕ×¨ÓÃä¯ÀÀÆ÷.exe 0x1:0x1612CE>)
   -(BaseThreadInitThunk)
   -(RtlInitializeExceptionChain)
   -(RtlInitializeExceptionChain)
[2016-11-11 17:56:52] Thread(2112, ExceptionCode: 0xC0000005, ExceptionAddress: 0F1D2590):
   -[Error:0x7e](0xF1D2590, <C:\Users\lee\Documents\Visual Studio 2005\Projects\RunRobotTese\debug\RunRobotTese.dll 0x2:0x65590>)
   -[Error:0x7e](0xF17A94C, <C:\Users\lee\Documents\Visual Studio 2005\Projects\RunRobotTese\debug\RunRobotTese.dll 0x2:0xD94C>)
   -[Error:0x7e](0xF178BF7, <C:\Users\lee\Documents\Visual Studio 2005\Projects\RunRobotTese\debug\RunRobotTese.dll 0x2:0xBBF7>)
   -[Error:0x7e](0xF1BB481, <C:\Users\lee\Documents\Visual Studio 2005\Projects\RunRobotTese\debug\RunRobotTese.dll 0x2:0x4E481>)
   -[Error:0x7e](0xF1BC42D, <C:\Users\lee\Documents\Visual Studio 2005\Projects\RunRobotTese\debug\RunRobotTese.dll 0x2:0x4F42D>)
   -[Error:0x7e](0xF1B4E5D, <C:\Users\lee\Documents\Visual Studio 2005\Projects\RunRobotTese\debug\RunRobotTese.dll 0x2:0x47E5D>)
   -[Error:0x1e7](0x56236E, <C:\Users\lee\Desktop\yali\yali\ÑþÑþ³µÏÕ×¨ÓÃä¯ÀÀÆ÷.exe 0x1:0x16136E>)
   -(BaseThreadInitThunk)
   -(RtlInitializeExceptionChain)
   -(RtlInitializeExceptionChain)
[2016-11-11 18:00:52] Thread(9600, ExceptionCode: 0xC0000005, ExceptionAddress: 0F092590):
   -[Error:0x7e](0xF092590, <C:\Users\lee\Documents\Visual Studio 2005\Projects\RunRobotTese\debug\RunRobotTese.dll 0x2:0x65590>)
   -[Error:0x7e](0xF03A94C, <C:\Users\lee\Documents\Visual Studio 2005\Projects\RunRobotTese\debug\RunRobotTese.dll 0x2:0xD94C>)
   -[Error:0x7e](0xF038BF7, <C:\Users\lee\Documents\Visual Studio 2005\Projects\RunRobotTese\debug\RunRobotTese.dll 0x2:0xBBF7>)
   -[Error:0x7e](0xF07B481, <C:\Users\lee\Documents\Visual Studio 2005\Projects\RunRobotTese\debug\RunRobotTese.dll 0x2:0x4E481>)
   -[Error:0x7e](0xF07C42D, <C:\Users\lee\Documents\Visual Studio 2005\Projects\RunRobotTese\debug\RunRobotTese.dll 0x2:0x4F42D>)
   -[Error:0x7e](0xF074E5D, <C:\Users\lee\Documents\Visual Studio 2005\Projects\RunRobotTese\debug\RunRobotTese.dll 0x2:0x47E5D>)
   -[Error:0x1e7](0x56236E, <C:\Users\lee\Desktop\yali\yali\ÑþÑþ³µÏÕ×¨ÓÃä¯ÀÀÆ÷.exe 0x1:0x16136E>)
   -(BaseThreadInitThunk)
   -(RtlInitializeExceptionChain)
   -(RtlInitializeExceptionChain)
[2016-11-11 18:02:13] Thread(11540, ExceptionCode: 0xC0000005, ExceptionAddress: 0F2F25B0):
   -[Error:0x7e](0xF2F25B0, <C:\Users\lee\Documents\Visual Studio 2005\Projects\RunRobotTese\debug\RunRobotTese.dll 0x2:0x655B0>)
   -[Error:0x7e](0xF29A94C, <C:\Users\lee\Documents\Visual Studio 2005\Projects\RunRobotTese\debug\RunRobotTese.dll 0x2:0xD94C>)
   -[Error:0x7e](0xF298BF7, <C:\Users\lee\Documents\Visual Studio 2005\Projects\RunRobotTese\debug\RunRobotTese.dll 0x2:0xBBF7>)
   -[Error:0x7e](0xF2DB4A1, <C:\Users\lee\Documents\Visual Studio 2005\Projects\RunRobotTese\debug\RunRobotTese.dll 0x2:0x4E4A1>)
   -[Error:0x7e](0xF2DC44D, <C:\Users\lee\Documents\Visual Studio 2005\Projects\RunRobotTese\debug\RunRobotTese.dll 0x2:0x4F44D>)
   -[Error:0x7e](0xF2D4E7A, <C:\Users\lee\Documents\Visual Studio 2005\Projects\RunRobotTese\debug\RunRobotTese.dll 0x2:0x47E7A>)
   -[Error:0x1e7](0x56236E, <C:\Users\lee\Desktop\yali\yali\ÑþÑþ³µÏÕ×¨ÓÃä¯ÀÀÆ÷.exe 0x1:0x16136E>)
   -(BaseThreadInitThunk)
   -(RtlInitializeExceptionChain)
   -(RtlInitializeExceptionChain)
[2016-11-11 18:03:55] Thread(7584, ExceptionCode: 0xC0000005, ExceptionAddress: 0ECE25B0):
   -[Error:0x7e](0xECE25B0, <C:\Users\lee\Documents\Visual Studio 2005\Projects\RunRobotTese\debug\RunRobotTese.dll 0x2:0x655B0>)
   -[Error:0x7e](0xEC8A94C, <C:\Users\lee\Documents\Visual Studio 2005\Projects\RunRobotTese\debug\RunRobotTese.dll 0x2:0xD94C>)
   -[Error:0x7e](0xEC88BF7, <C:\Users\lee\Documents\Visual Studio 2005\Projects\RunRobotTese\debug\RunRobotTese.dll 0x2:0xBBF7>)
   -[Error:0x7e](0xECCB4A1, <C:\Users\lee\Documents\Visual Studio 2005\Projects\RunRobotTese\debug\RunRobotTese.dll 0x2:0x4E4A1>)
   -[Error:0x7e](0xECCC44D, <C:\Users\lee\Documents\Visual Studio 2005\Projects\RunRobotTese\debug\RunRobotTese.dll 0x2:0x4F44D>)
   -[Error:0x7e](0xECC4E7A, <C:\Users\lee\Documents\Visual Studio 2005\Projects\RunRobotTese\debug\RunRobotTese.dll 0x2:0x47E7A>)
   -[Error:0x1e7](0x56236E, <C:\Users\lee\Desktop\yali\yali\ÑþÑþ³µÏÕ×¨ÓÃä¯ÀÀÆ÷.exe 0x1:0x16136E>)
   -(BaseThreadInitThunk)
   -(RtlInitializeExceptionChain)
   -(RtlInitializeExceptionChain)
[2016-11-11 18:04:27] Thread(11248, ExceptionCode: 0xC0000005, ExceptionAddress: 0F6A25B0):
   -[Error:0x7e](0xF6A25B0, <C:\Users\lee\Documents\Visual Studio 2005\Projects\RunRobotTese\debug\RunRobotTese.dll 0x2:0x655B0>)
   -[Error:0x7e](0xF64A94C, <C:\Users\lee\Documents\Visual Studio 2005\Projects\RunRobotTese\debug\RunRobotTese.dll 0x2:0xD94C>)
   -[Error:0x7e](0xF648BF7, <C:\Users\lee\Documents\Visual Studio 2005\Projects\RunRobotTese\debug\RunRobotTese.dll 0x2:0xBBF7>)
   -[Error:0x7e](0xF68B4A1, <C:\Users\lee\Documents\Visual Studio 2005\Projects\RunRobotTese\debug\RunRobotTese.dll 0x2:0x4E4A1>)
   -[Error:0x7e](0xF68C44D, <C:\Users\lee\Documents\Visual Studio 2005\Projects\RunRobotTese\debug\RunRobotTese.dll 0x2:0x4F44D>)
   -[Error:0x7e](0xF684E7A, <C:\Users\lee\Documents\Visual Studio 2005\Projects\RunRobotTese\debug\RunRobotTese.dll 0x2:0x47E7A>)
   -[Error:0x1e7](0x56236E, <C:\Users\lee\Desktop\yali\yali\ÑþÑþ³µÏÕ×¨ÓÃä¯ÀÀÆ÷.exe 0x1:0x16136E>)
   -(BaseThreadInitThunk)
   -(RtlInitializeExceptionChain)
   -(RtlInitializeExceptionChain)
[2016-11-11 18:05:16] Thread(11852, ExceptionCode: 0xC0000005, ExceptionAddress: 0B222670):
   -[Error:0x7e](0xB222670, <C:\Users\lee\Documents\Visual Studio 2005\Projects\RunRobotTese\debug\RunRobotTese.dll 0x2:0x65670>)
   -[Error:0x7e](0xB1CA94C, <C:\Users\lee\Documents\Visual Studio 2005\Projects\RunRobotTese\debug\RunRobotTese.dll 0x2:0xD94C>)
   -[Error:0x7e](0xB1C8BF7, <C:\Users\lee\Documents\Visual Studio 2005\Projects\RunRobotTese\debug\RunRobotTese.dll 0x2:0xBBF7>)
   -[Error:0x7e](0xB20B561, <C:\Users\lee\Documents\Visual Studio 2005\Projects\RunRobotTese\debug\RunRobotTese.dll 0x2:0x4E561>)
   -[Error:0x7e](0xB20C50D, <C:\Users\lee\Documents\Visual Studio 2005\Projects\RunRobotTese\debug\RunRobotTese.dll 0x2:0x4F50D>)
   -[Error:0x7e](0xB204F12, <C:\Users\lee\Documents\Visual Studio 2005\Projects\RunRobotTese\debug\RunRobotTese.dll 0x2:0x47F12>)
   -[Error:0x1e7](0x56236E, <C:\Users\lee\Desktop\yali\yali\ÑþÑþ³µÏÕ×¨ÓÃä¯ÀÀÆ÷.exe 0x1:0x16136E>)
   -(BaseThreadInitThunk)
   -(RtlInitializeExceptionChain)
   -(RtlInitializeExceptionChain)
[2016-11-15 13:49:05] Thread(10144, ExceptionCode: 0xC0000005, ExceptionAddress: 0F2B03C0):
   -[Error:0x7e](0xF2B03C0, <C:\Users\lee\Documents\Visual Studio 2005\Projects\RunRobotTese\debug\RunRobotTese.dll 0x2:0x643C0>)
   -[Error:0x7e](0xF25994C, <C:\Users\lee\Documents\Visual Studio 2005\Projects\RunRobotTese\debug\RunRobotTese.dll 0x2:0xD94C>)
   -[Error:0x7e](0xF257BF7, <C:\Users\lee\Documents\Visual Studio 2005\Projects\RunRobotTese\debug\RunRobotTese.dll 0x2:0xBBF7>)
   -[Error:0x7e](0xF29922A, <C:\Users\lee\Documents\Visual Studio 2005\Projects\RunRobotTese\debug\RunRobotTese.dll 0x2:0x4D22A>)
   -[Error:0x7e](0xF29A1DA, <C:\Users\lee\Documents\Visual Studio 2005\Projects\RunRobotTese\debug\RunRobotTese.dll 0x2:0x4E1DA>)
   -[Error:0x7e](0xF294E96, <C:\Users\lee\Documents\Visual Studio 2005\Projects\RunRobotTese\debug\RunRobotTese.dll 0x2:0x48E96>)
   -[Error:0x1e7](0x56236E, <C:\Users\lee\Desktop\yali\yali\ÑþÑþ³µÏÕ×¨ÓÃä¯ÀÀÆ÷.exe 0x1:0x16136E>)
   -(BaseThreadInitThunk)
   -(RtlInitializeExceptionChain)
   -(RtlInitializeExceptionChain)
[2016-11-15 13:51:23] Thread(5460, ExceptionCode: 0xC0000005, ExceptionAddress: 0F2D02C0):
   -[Error:0x7e](0xF2D02C0, <C:\Users\lee\Documents\Visual Studio 2005\Projects\RunRobotTese\debug\RunRobotTest .dll 0x2:0x642C0>)
   -[Error:0x7e](0xF27994C, <C:\Users\lee\Documents\Visual Studio 2005\Projects\RunRobotTese\debug\RunRobotTest .dll 0x2:0xD94C>)
   -[Error:0x7e](0xF277BF7, <C:\Users\lee\Documents\Visual Studio 2005\Projects\RunRobotTese\debug\RunRobotTest .dll 0x2:0xBBF7>)
   -[Error:0x7e](0xF2B91C3, <C:\Users\lee\Documents\Visual Studio 2005\Projects\RunRobotTese\debug\RunRobotTest .dll 0x2:0x4D1C3>)
   -[Error:0x7e](0xF2BA16F, <C:\Users\lee\Documents\Visual Studio 2005\Projects\RunRobotTese\debug\RunRobotTest .dll 0x2:0x4E16F>)
   -[Error:0x7e](0xF2B4E88, <C:\Users\lee\Documents\Visual Studio 2005\Projects\RunRobotTese\debug\RunRobotTest .dll 0x2:0x48E88>)
   -[Error:0x1e7](0x56236E, <C:\Users\lee\Desktop\yali\yali\ÑþÑþ³µÏÕ×¨ÓÃä¯ÀÀÆ÷.exe 0x1:0x16136E>)
   -(BaseThreadInitThunk)
   -(RtlInitializeExceptionChain)
   -(RtlInitializeExceptionChain)
[2016-11-15 13:51:35] Thread(9860, ExceptionCode: 0xC0000005, ExceptionAddress: 0F1703C0):
   -[Error:0x7e](0xF1703C0, <C:\Users\lee\Documents\Visual Studio 2005\Projects\RunRobotTese\debug\RunRobotTese.dll 0x2:0x643C0>)
   -[Error:0x7e](0xF11994C, <C:\Users\lee\Documents\Visual Studio 2005\Projects\RunRobotTese\debug\RunRobotTese.dll 0x2:0xD94C>)
   -[Error:0x7e](0xF117BF7, <C:\Users\lee\Documents\Visual Studio 2005\Projects\RunRobotTese\debug\RunRobotTese.dll 0x2:0xBBF7>)
   -[Error:0x7e](0xF15922A, <C:\Users\lee\Documents\Visual Studio 2005\Projects\RunRobotTese\debug\RunRobotTese.dll 0x2:0x4D22A>)
   -[Error:0x7e](0xF15A1DA, <C:\Users\lee\Documents\Visual Studio 2005\Projects\RunRobotTese\debug\RunRobotTese.dll 0x2:0x4E1DA>)
   -[Error:0x7e](0xF154E96, <C:\Users\lee\Documents\Visual Studio 2005\Projects\RunRobotTese\debug\RunRobotTese.dll 0x2:0x48E96>)
   -[Error:0x1e7](0x56236E, <C:\Users\lee\Desktop\yali\yali\ÑþÑþ³µÏÕ×¨ÓÃä¯ÀÀÆ÷.exe 0x1:0x16136E>)
   -(BaseThreadInitThunk)
   -(RtlInitializeExceptionChain)
   -(RtlInitializeExceptionChain)
[2016-11-15 13:52:50] Thread(8356, ExceptionCode: 0xC0000005, ExceptionAddress: 0F4403C0):
   -[Error:0x7e](0xF4403C0, <C:\Users\lee\Documents\Visual Studio 2005\Projects\RunRobotTese\debug\RunRobotTese.dll 0x2:0x643C0>)
   -[Error:0x7e](0xF3E994C, <C:\Users\lee\Documents\Visual Studio 2005\Projects\RunRobotTese\debug\RunRobotTese.dll 0x2:0xD94C>)
   -[Error:0x7e](0xF3E7BF7, <C:\Users\lee\Documents\Visual Studio 2005\Projects\RunRobotTese\debug\RunRobotTese.dll 0x2:0xBBF7>)
   -[Error:0x7e](0xF42922A, <C:\Users\lee\Documents\Visual Studio 2005\Projects\RunRobotTese\debug\RunRobotTese.dll 0x2:0x4D22A>)
   -[Error:0x7e](0xF42A1DA, <C:\Users\lee\Documents\Visual Studio 2005\Projects\RunRobotTese\debug\RunRobotTese.dll 0x2:0x4E1DA>)
   -[Error:0x7e](0xF424E96, <C:\Users\lee\Documents\Visual Studio 2005\Projects\RunRobotTese\debug\RunRobotTese.dll 0x2:0x48E96>)
   -[Error:0x1e7](0x56236E, <C:\Users\lee\Desktop\yali\yali\ÑþÑþ³µÏÕ×¨ÓÃä¯ÀÀÆ÷.exe 0x1:0x16136E>)
   -(BaseThreadInitThunk)
   -(RtlInitializeExceptionChain)
   -(RtlInitializeExceptionChain)
[2016-11-15 13:58:01] Thread(9292, ExceptionCode: 0xC0000005, ExceptionAddress: 0EEA03C0):
   -[Error:0x7e](0xEEA03C0, <C:\Users\lee\Documents\Visual Studio 2005\Projects\RunRobotTese\debug\RunRobotTese.dll 0x2:0x643C0>)
   -[Error:0x7e](0xEE4994C, <C:\Users\lee\Documents\Visual Studio 2005\Projects\RunRobotTese\debug\RunRobotTese.dll 0x2:0xD94C>)
   -[Error:0x7e](0xEE47BF7, <C:\Users\lee\Documents\Visual Studio 2005\Projects\RunRobotTese\debug\RunRobotTese.dll 0x2:0xBBF7>)
   -[Error:0x7e](0xEE89247, <C:\Users\lee\Documents\Visual Studio 2005\Projects\RunRobotTese\debug\RunRobotTese.dll 0x2:0x4D247>)
   -[Error:0x7e](0xEE8A1F7, <C:\Users\lee\Documents\Visual Studio 2005\Projects\RunRobotTese\debug\RunRobotTese.dll 0x2:0x4E1F7>)
   -[Error:0x7e](0xEE84E96, <C:\Users\lee\Documents\Visual Studio 2005\Projects\RunRobotTese\debug\RunRobotTese.dll 0x2:0x48E96>)
   -[Error:0x1e7](0x56236E, <C:\Users\lee\Desktop\yali\yali\ÑþÑþ³µÏÕ×¨ÓÃä¯ÀÀÆ÷.exe 0x1:0x16136E>)
   -(BaseThreadInitThunk)
   -(RtlInitializeExceptionChain)
   -(RtlInitializeExceptionChain)
[2016-11-16 09:21:22] Thread(10040, ExceptionCode: 0xC0000005, ExceptionAddress: 0F5D03C0):
   -[Error:0x7e](0xF5D03C0, <C:\Users\lee\Documents\Visual Studio 2005\Projects\RunRobotTese\debug\RunRobotTese.dll 0x2:0x643C0>)
   -[Error:0x7e](0xF57994C, <C:\Users\lee\Documents\Visual Studio 2005\Projects\RunRobotTese\debug\RunRobotTese.dll 0x2:0xD94C>)
   -[Error:0x7e](0xF577BF7, <C:\Users\lee\Documents\Visual Studio 2005\Projects\RunRobotTese\debug\RunRobotTese.dll 0x2:0xBBF7>)
   -[Error:0x7e](0xF5B931A, <C:\Users\lee\Documents\Visual Studio 2005\Projects\RunRobotTese\debug\RunRobotTese.dll 0x2:0x4D31A>)
   -[Error:0x7e](0xF5BA39B, <C:\Users\lee\Documents\Visual Studio 2005\Projects\RunRobotTese\debug\RunRobotTese.dll 0x2:0x4E39B>)
   -[Error:0x7e](0xF5B374C, <C:\Users\lee\Documents\Visual Studio 2005\Projects\RunRobotTese\debug\RunRobotTese.dll 0x2:0x4774C>)
   -[Error:0x1e7](0x56236E, <C:\Users\lee\Desktop\yali\yali\ÑþÑþ³µÏÕ×¨ÓÃä¯ÀÀÆ÷.exe 0x1:0x16136E>)
   -(BaseThreadInitThunk)
   -(RtlInitializeExceptionChain)
   -(RtlInitializeExceptionChain)
[2016-11-16 09:24:03] Thread(10064, ExceptionCode: 0xC0000005, ExceptionAddress: 0F5F03C0):
   -[Error:0x7e](0xF5F03C0, <C:\Users\lee\Documents\Visual Studio 2005\Projects\RunRobotTese\debug\RunRobotTese.dll 0x2:0x643C0>)
   -[Error:0x7e](0xF59994C, <C:\Users\lee\Documents\Visual Studio 2005\Projects\RunRobotTese\debug\RunRobotTese.dll 0x2:0xD94C>)
   -[Error:0x7e](0xF597BF7, <C:\Users\lee\Documents\Visual Studio 2005\Projects\RunRobotTese\debug\RunRobotTese.dll 0x2:0xBBF7>)
   -[Error:0x7e](0xF5D931A, <C:\Users\lee\Documents\Visual Studio 2005\Projects\RunRobotTese\debug\RunRobotTese.dll 0x2:0x4D31A>)
   -[Error:0x7e](0xF5DA3B3, <C:\Users\lee\Documents\Visual Studio 2005\Projects\RunRobotTese\debug\RunRobotTese.dll 0x2:0x4E3B3>)
   -[Error:0x7e](0xF5D374C, <C:\Users\lee\Documents\Visual Studio 2005\Projects\RunRobotTese\debug\RunRobotTese.dll 0x2:0x4774C>)
   -[Error:0x1e7](0x56236E, <C:\Users\lee\Desktop\yali\yali\ÑþÑþ³µÏÕ×¨ÓÃä¯ÀÀÆ÷.exe 0x1:0x16136E>)
   -(BaseThreadInitThunk)
   -(RtlInitializeExceptionChain)
   -(RtlInitializeExceptionChain)
[2016-11-16 09:25:31] Thread(6300, ExceptionCode: 0xC0000005, ExceptionAddress: 0F5D03C0):
   -[Error:0x7e](0xF5D03C0, <C:\Users\lee\Documents\Visual Studio 2005\Projects\RunRobotTese\debug\RunRobotTese.dll 0x2:0x643C0>)
   -[Error:0x7e](0xF57994C, <C:\Users\lee\Documents\Visual Studio 2005\Projects\RunRobotTese\debug\RunRobotTese.dll 0x2:0xD94C>)
   -[Error:0x7e](0xF577BF7, <C:\Users\lee\Documents\Visual Studio 2005\Projects\RunRobotTese\debug\RunRobotTese.dll 0x2:0xBBF7>)
   -[Error:0x7e](0xF5B931A, <C:\Users\lee\Documents\Visual Studio 2005\Projects\RunRobotTese\debug\RunRobotTese.dll 0x2:0x4D31A>)
   -[Error:0x7e](0xF5BA3ED, <C:\Users\lee\Documents\Visual Studio 2005\Projects\RunRobotTese\debug\RunRobotTese.dll 0x2:0x4E3ED>)
   -[Error:0x7e](0xF5B374C, <C:\Users\lee\Documents\Visual Studio 2005\Projects\RunRobotTese\debug\RunRobotTese.dll 0x2:0x4774C>)
   -[Error:0x1e7](0x56236E, <C:\Users\lee\Desktop\yali\yali\ÑþÑþ³µÏÕ×¨ÓÃä¯ÀÀÆ÷.exe 0x1:0x16136E>)
   -(BaseThreadInitThunk)
   -(RtlInitializeExceptionChain)
   -(RtlInitializeExceptionChain)
[2016-12-06 16:58:31] Thread(4488, ExceptionCode: 0xC0000005, ExceptionAddress: 5C5C1932):
   -[Error:0x7e](0x5C5C1932, <C:\Windows\SysWOW64\ieframe.dll 0x1:0x10932>)
   -[Error:0x7e](0x5B07E670, <C:\Windows\system32\MSHTML.dll 0x1:0x17D670>)
   -(GetThemeBool)
[2016-12-08 13:17:31] Thread(5504, ExceptionCode: 0xC0000005, ExceptionAddress: 77A8F697):
   -(RtlImageNtHeaderEx)
   -(RtlImageNtHeader)
   -(FreeLibrary)
   -(GetProcAddress)
   -(GetProcAddress)
   -[Error:0x7e](0x18B988, < 0x0:0x0>)
   -[Error:0x7e](0xC1E1139, <C:\Windows\system32\aticfx32.dll 0x1:0x10139>)
   -(RtlHashUnicodeString)
   -(RtlFindActivationContextSectionString)
[2016-12-08 13:17:31] Thread(5504, ExceptionCode: 0xC0000005, ExceptionAddress: 77A8F697):
   -(RtlImageNtHeaderEx)
   -(RtlImageNtHeader)
   -(FreeLibrary)
   -(GetProcAddress)
   -(GetProcAddress)
   -[Error:0x7e](0x18B988, < 0x0:0x0>)
   -[Error:0x7e](0xC1E1139, <C:\Windows\system32\aticfx32.dll 0x1:0x10139>)
   -(RtlHashUnicodeString)
   -(RtlFindActivationContextSectionString)
[2016-12-08 13:17:31] Thread(5504, ExceptionCode: 0xC0000005, ExceptionAddress: 77A8F697):
   -(RtlImageNtHeaderEx)
   -(RtlImageNtHeader)
   -(FreeLibrary)
   -(GetProcAddress)
   -(GetProcAddress)
   -[Error:0x7e](0x18B988, < 0x0:0x0>)
   -[Error:0x7e](0xC1E1139, <C:\Windows\system32\aticfx32.dll 0x1:0x10139>)
   -(RtlHashUnicodeString)
   -(RtlFindActivationContextSectionString)
[2016-12-08 13:17:32] Thread(5504, ExceptionCode: 0xC0000005, ExceptionAddress: 77A8F697):
   -(RtlImageNtHeaderEx)
   -(RtlImageNtHeader)
   -(FreeLibrary)
   -(GetProcAddress)
   -[Error:0x7e](0xC310000, <C:\Windows\system32\atiu9pag.dll 0x0:0x0>)
[2016-12-08 13:17:33] Thread(5504, ExceptionCode: 0xC0000005, ExceptionAddress: 77A8F697):
   -(RtlImageNtHeaderEx)
   -(RtlImageNtHeader)
   -(FreeLibrary)
   -(GetProcAddress)
   -[Error:0x7e](0xC310000, <C:\Windows\system32\atiu9pag.dll 0x0:0x0>)
[2016-12-08 13:17:33] Thread(5504, ExceptionCode: 0xC0000005, ExceptionAddress: 77A8F697):
   -(RtlImageNtHeaderEx)
   -(RtlImageNtHeader)
   -(FreeLibrary)
   -(GetProcAddress)
   -[Error:0x7e](0xC310000, <C:\Windows\system32\atiu9pag.dll 0x0:0x0>)
[2016-12-09 14:26:36] Thread(6552, ExceptionCode: 0xC0000005, ExceptionAddress: 033E28F2):
   -[Error:0x7e](0x33E28F2, < 0x0:0x0>)
   -[Error:0x1e7](0x45E30F, <C:\Users\lee\Desktop\yali\yali\ÑþÑþ³µÏÕ×¨ÓÃä¯ÀÀÆ÷.exe 0x1:0x5D30F>)
   -[Error:0x1e7](0x45E32E, <C:\Users\lee\Desktop\yali\yali\ÑþÑþ³µÏÕ×¨ÓÃä¯ÀÀÆ÷.exe 0x1:0x5D32E>)
   -[Error:0x7e](0xFFFFFFFFC1E9C88B, <C:\Users\lee\Desktop\yali\yali\ÑþÑþ³µÏÕ×¨ÓÃä¯ÀÀÆ÷.exe 0x0:0x0>)
   -[Error:0x7e](0xFFFFFFFF83FFFFFF, <C:\Users\lee\Desktop\yali\yali\ÑþÑþ³µÏÕ×¨ÓÃä¯ÀÀÆ÷.exe 0x0:0x0>)
   -[Error:0x7e](0x8247C, <C:\Users\lee\Desktop\yali\yali\ÑþÑþ³µÏÕ×¨ÓÃä¯ÀÀÆ÷.exe 0x0:0x0>)
   -[Error:0x7e](0x74FF1674, <C:\Users\lee\Desktop\yali\yali\ÑþÑþ³µÏÕ×¨ÓÃä¯ÀÀÆ÷.exe 0x0:0x0>)
   -[Error:0x7e](0x4C8B0424, <C:\Users\lee\Desktop\yali\yali\ÑþÑþ³µÏÕ×¨ÓÃä¯ÀÀÆ÷.exe 0x0:0x0>)
   -[Error:0x7e](0xFFFFFFFFD4E80C24, <C:\Users\lee\Desktop\yali\yali\ÑþÑþ³µÏÕ×¨ÓÃä¯ÀÀÆ÷.exe 0x0:0x0>)
   -[Error:0x7e](0xFFFFFFFF85FFFFFF, <C:\Users\lee\Desktop\yali\yali\ÑþÑþ³µÏÕ×¨ÓÃä¯ÀÀÆ÷.exe 0x0:0x0>)
   -[Error:0x7e](0xFFFFFFFF8B0574C0, <C:\Users\lee\Desktop\yali\yali\ÑþÑþ³µÏÕ×¨ÓÃä¯ÀÀÆ÷.exe 0x0:0x0>)
   -[Error:0x7e](0xFFFFFFFFC3082444, <C:\Users\lee\Desktop\yali\yali\ÑþÑþ³µÏÕ×¨ÓÃä¯ÀÀÆ÷.exe 0x0:0x0>)
   -[Error:0x7e](0x56C3C033, <C:\Users\lee\Desktop\yali\yali\ÑþÑþ³µÏÕ×¨ÓÃä¯ÀÀÆ÷.exe 0x0:0x0>)
   -[Error:0x7e](0x25D7E8, <C:\Users\lee\Desktop\yali\yali\ÑþÑþ³µÏÕ×¨ÓÃä¯ÀÀÆ÷.exe 0x0:0x0>)
   -[Error:0x7e](0xFFFFFFFF8B006A00, <C:\Users\lee\Desktop\yali\yali\ÑþÑþ³µÏÕ×¨ÓÃä¯ÀÀÆ÷.exe 0x0:0x0>)
   -[Error:0x7e](0x5201E8F0, <C:\Users\lee\Desktop\yali\yali\ÑþÑþ³µÏÕ×¨ÓÃä¯ÀÀÆ÷.exe 0x0:0x0>)
   -[Error:0x7e](0x74FF0001, <C:\Users\lee\Desktop\yali\yali\ÑþÑþ³µÏÕ×¨ÓÃä¯ÀÀÆ÷.exe 0x0:0x0>)
   -[Error:0x7e](0x4E8D0824, <C:\Users\lee\Desktop\yali\yali\ÑþÑþ³µÏÕ×¨ÓÃä¯ÀÀÆ÷.exe 0x0:0x0>)
   -[Error:0x7e](0x4BE9E81C, <C:\Users\lee\Desktop\yali\yali\ÑþÑþ³µÏÕ×¨ÓÃä¯ÀÀÆ÷.exe 0x0:0x0>)
   -[Error:0x1e7](0x6A0001, <C:\Users\lee\Desktop\yali\yali\ÑþÑþ³µÏÕ×¨ÓÃä¯ÀÀÆ÷.exe 0x2:0xBA001>)
   -[Error:0x1e7](0x1525BE8, <C:\Users\lee\Desktop\yali\yali\ÑþÑþ³µÏÕ×¨ÓÃä¯ÀÀÆ÷.exe 0x2:0xF3FBE8>)
   -[Error:0x7e](0x5B9A3205, <C:\Users\lee\Desktop\yali\yali\ÑþÑþ³µÏÕ×¨ÓÃä¯ÀÀÆ÷.exe 0x0:0x0>)
   -[Error:0x7e](0xFFFFFFFFBE3A522B, <C:\Users\lee\Desktop\yali\yali\ÑþÑþ³µÏÕ×¨ÓÃä¯ÀÀÆ÷.exe 0x0:0x0>)
   -[Error:0x7e](0xFFFFFFFFD122AF6A, <C:\Users\lee\Desktop\yali\yali\ÑþÑþ³µÏÕ×¨ÓÃä¯ÀÀÆ÷.exe 0x0:0x0>)
   -[Error:0x7e](0x35736577, <C:\Users\lee\Desktop\yali\yali\ÑþÑþ³µÏÕ×¨ÓÃä¯ÀÀÆ÷.exe 0x0:0x0>)
   -(RpcMgmtSetAuthorizationFn)
   -[Error:0x7e](0xFFFFFFFFAF87B453, <C:\Users\lee\Desktop\yali\yali\ÑþÑþ³µÏÕ×¨ÓÃä¯ÀÀÆ÷.exe 0x0:0x0>)
   -[Error:0x7e](0xB7895A6, <C:\Users\lee\Desktop\yali\yali\ÑþÑþ³µÏÕ×¨ÓÃä¯ÀÀÆ÷.exe 0x0:0x0>)
   -[Error:0x1e7](0x40D833, <C:\Users\lee\Desktop\yali\yali\ÑþÑþ³µÏÕ×¨ÓÃä¯ÀÀÆ÷.exe 0x1:0xC833>)
   -[Error:0x7e](0xFFFFFFFFC2DF7A42, <C:\Users\lee\Desktop\yali\yali\ÑþÑþ³µÏÕ×¨ÓÃä¯ÀÀÆ÷.exe 0x0:0x0>)
   -[Error:0x7e](0xFFFFFFFFEF12B711, <C:\Users\lee\Desktop\yali\yali\ÑþÑþ³µÏÕ×¨ÓÃä¯ÀÀÆ÷.exe 0x0:0x0>)
   -[Error:0x7e](0x5F3DBC9B, <C:\Users\lee\Desktop\yali\yali\ÑþÑþ³µÏÕ×¨ÓÃä¯ÀÀÆ÷.exe 0x0:0x0>)
[2016-12-09 18:41:04] Thread(4516, ExceptionCode: 0xC0000005, ExceptionAddress: 12607240):
   -[Error:0x7e](0x12607240, <C:\Users\lee\Documents\Visual Studio 2005\Projects\RunRobotTese\debug\RunRobotTese.dll 0x2:0x68240>)
   -[Error:0x7e](0x125ACD3C, <C:\Users\lee\Documents\Visual Studio 2005\Projects\RunRobotTese\debug\RunRobotTese.dll 0x2:0xDD3C>)
   -[Error:0x7e](0x125AAFE7, <C:\Users\lee\Documents\Visual Studio 2005\Projects\RunRobotTese\debug\RunRobotTese.dll 0x2:0xBFE7>)
   -[Error:0x7e](0x125EE33A, <C:\Users\lee\Documents\Visual Studio 2005\Projects\RunRobotTese\debug\RunRobotTese.dll 0x2:0x4F33A>)
   -[Error:0x7e](0x125EF4DB, <C:\Users\lee\Documents\Visual Studio 2005\Projects\RunRobotTese\debug\RunRobotTese.dll 0x2:0x504DB>)
   -[Error:0x7e](0x125EF4DB, <C:\Users\lee\Documents\Visual Studio 2005\Projects\RunRobotTese\debug\RunRobotTese.dll 0x2:0x504DB>)
   -[Error:0x7e](0x125E8A9F, <C:\Users\lee\Documents\Visual Studio 2005\Projects\RunRobotTese\debug\RunRobotTese.dll 0x2:0x49A9F>)
   -[Error:0x1e7](0x56236E, <C:\Users\lee\Desktop\yali\yali\ÑþÑþ³µÏÕ×¨ÓÃä¯ÀÀÆ÷.exe 0x1:0x16136E>)
   -(BaseThreadInitThunk)
   -(RtlInitializeExceptionChain)
   -(RtlInitializeExceptionChain)
[2016-12-13 17:57:18] Thread(4484, ExceptionCode: 0xC0000005, ExceptionAddress: 00434B3B):
   -[Error:0x1e7](0x434B3B, <C:\Users\lee\Desktop\yali\yali\ÑþÑþ³µÏÕ×¨ÓÃä¯ÀÀÆ÷.exe 0x1:0x33B3B>)
   -[Error:0x1e7](0x43247D, <C:\Users\lee\Desktop\yali\yali\ÑþÑþ³µÏÕ×¨ÓÃä¯ÀÀÆ÷.exe 0x1:0x3147D>)
[2016-12-13 17:59:20] Thread(9156, ExceptionCode: 0xC0000005, ExceptionAddress: 00434B3B):
   -[Error:0x1e7](0x434B3B, <C:\Users\lee\Desktop\yali\yali\ÑþÑþ³µÏÕ×¨ÓÃä¯ÀÀÆ÷.exe 0x1:0x33B3B>)
   -[Error:0x1e7](0x43247D, <C:\Users\lee\Desktop\yali\yali\ÑþÑþ³µÏÕ×¨ÓÃä¯ÀÀÆ÷.exe 0x1:0x3147D>)
[2016-12-13 18:00:06] Thread(7360, ExceptionCode: 0xC0000005, ExceptionAddress: 0045B384):
   -[Error:0x1e7](0x45B384, <C:\Users\lee\Desktop\yali\yali\ÑþÑþ³µÏÕ×¨ÓÃä¯ÀÀÆ÷.exe 0x1:0x5A384>)
   -[Error:0x1e7](0x5BDA9E, <C:\Users\lee\Desktop\yali\yali\ÑþÑþ³µÏÕ×¨ÓÃä¯ÀÀÆ÷.exe 0x1:0x1BCA9E>)
   -[Error:0x1e7](0x456BE1, <C:\Users\lee\Desktop\yali\yali\ÑþÑþ³µÏÕ×¨ÓÃä¯ÀÀÆ÷.exe 0x1:0x55BE1>)
   -[Error:0x1e7](0x4527C7, <C:\Users\lee\Desktop\yali\yali\ÑþÑþ³µÏÕ×¨ÓÃä¯ÀÀÆ÷.exe 0x1:0x517C7>)
   -[Error:0x1e7](0x454FCE, <C:\Users\lee\Desktop\yali\yali\ÑþÑþ³µÏÕ×¨ÓÃä¯ÀÀÆ÷.exe 0x1:0x53FCE>)
   -[Error:0x1e7](0x45505B, <C:\Users\lee\Desktop\yali\yali\ÑþÑþ³µÏÕ×¨ÓÃä¯ÀÀÆ÷.exe 0x1:0x5405B>)
   -(gapfnScSendMessage)
   -(gapfnScSendMessage)
   -(LoadStringW)
   -(DispatchMessageA)
   -[Error:0x1e7](0x462E3D, <C:\Users\lee\Desktop\yali\yali\ÑþÑþ³µÏÕ×¨ÓÃä¯ÀÀÆ÷.exe 0x1:0x61E3D>)
   -[Error:0x1e7](0x4543C7, <C:\Users\lee\Desktop\yali\yali\ÑþÑþ³µÏÕ×¨ÓÃä¯ÀÀÆ÷.exe 0x1:0x533C7>)
[2016-12-13 18:01:05] Thread(6360, ExceptionCode: 0xC0000005, ExceptionAddress: 00434B3B):
   -[Error:0x1e7](0x434B3B, <C:\Users\lee\Desktop\yali\yali\ÑþÑþ³µÏÕ×¨ÓÃä¯ÀÀÆ÷.exe 0x1:0x33B3B>)
   -[Error:0x1e7](0x43247D, <C:\Users\lee\Desktop\yali\yali\ÑþÑþ³µÏÕ×¨ÓÃä¯ÀÀÆ÷.exe 0x1:0x3147D>)
[2016-12-13 18:06:04] Thread(8964, ExceptionCode: 0xC0000005, ExceptionAddress: 00434B3B):
   -[Error:0x1e7](0x434B3B, <C:\Users\lee\Desktop\yali\yali\ÑþÑþ³µÏÕ×¨ÓÃä¯ÀÀÆ÷.exe 0x1:0x33B3B>)
   -[Error:0x1e7](0x43247D, <C:\Users\lee\Desktop\yali\yali\ÑþÑþ³µÏÕ×¨ÓÃä¯ÀÀÆ÷.exe 0x1:0x3147D>)
[2016-12-13 18:06:20] Thread(7356, ExceptionCode: 0xC0000005, ExceptionAddress: 0042EA04):
   -[Error:0x1e7](0x42EA04, <C:\Users\lee\Desktop\yali\yali\ÑþÑþ³µÏÕ×¨ÓÃä¯ÀÀÆ÷.exe 0x1:0x2DA04>)
   -[Error:0x1e7](0x433A24, <C:\Users\lee\Desktop\yali\yali\ÑþÑþ³µÏÕ×¨ÓÃä¯ÀÀÆ÷.exe 0x1:0x32A24>)
   -(RtlInitUnicodeString)
   -(RtlAllocateHeap)
   -[Error:0x1e7](0x42ECE7, <C:\Users\lee\Desktop\yali\yali\ÑþÑþ³µÏÕ×¨ÓÃä¯ÀÀÆ÷.exe 0x1:0x2DCE7>)
   -[Error:0x1e7](0x42D045, <C:\Users\lee\Desktop\yali\yali\ÑþÑþ³µÏÕ×¨ÓÃä¯ÀÀÆ÷.exe 0x1:0x2C045>)
   -[Error:0x1e7](0x42EEDC, <C:\Users\lee\Desktop\yali\yali\ÑþÑþ³µÏÕ×¨ÓÃä¯ÀÀÆ÷.exe 0x1:0x2DEDC>)
   -[Error:0x1e7](0x42BF24, <C:\Users\lee\Desktop\yali\yali\ÑþÑþ³µÏÕ×¨ÓÃä¯ÀÀÆ÷.exe 0x1:0x2AF24>)
   -[Error:0x1e7](0x59A017, <C:\Users\lee\Desktop\yali\yali\ÑþÑþ³µÏÕ×¨ÓÃä¯ÀÀÆ÷.exe 0x1:0x199017>)
   -[Error:0x1e7](0x59A138, <C:\Users\lee\Desktop\yali\yali\ÑþÑþ³µÏÕ×¨ÓÃä¯ÀÀÆ÷.exe 0x1:0x199138>)
   -(BaseThreadInitThunk)
   -(RtlInitializeExceptionChain)
   -(RtlInitializeExceptionChain)
[2016-12-13 18:07:15] Thread(5676, ExceptionCode: 0xC0000005, ExceptionAddress: 00434B3B):
   -[Error:0x1e7](0x434B3B, <C:\Users\lee\Desktop\yali\yali\ÑþÑþ³µÏÕ×¨ÓÃä¯ÀÀÆ÷.exe 0x1:0x33B3B>)
   -[Error:0x1e7](0x43247D, <C:\Users\lee\Desktop\yali\yali\ÑþÑþ³µÏÕ×¨ÓÃä¯ÀÀÆ÷.exe 0x1:0x3147D>)
[2016-12-15 11:41:38] Thread(3884, ExceptionCode: 0xC0000005, ExceptionAddress: 1376D0A2):
   -[Error:0x7e](0x1376D0A2, <C:\Users\lee\Documents\Visual Studio 2005\Projects\RunRobotTese\debug\RunRobotTese.dll 0x2:0x6E0A2>)
   -[Error:0x1e7](0x56236E, <C:\Users\lee\Desktop\yali\yali\ÑþÑþ³µÏÕ×¨ÓÃä¯ÀÀÆ÷.exe 0x1:0x16136E>)
   -(BaseThreadInitThunk)
   -(RtlInitializeExceptionChain)
   -(RtlInitializeExceptionChain)
[2016-12-15 11:41:58] Thread(5180, ExceptionCode: 0xC0000005, ExceptionAddress: 1379D0A2):
   -[Error:0x7e](0x1379D0A2, <C:\Users\lee\Documents\Visual Studio 2005\Projects\RunRobotTese\debug\RunRobotTese.dll 0x2:0x6E0A2>)
   -[Error:0x1e7](0x56236E, <C:\Users\lee\Desktop\yali\yali\ÑþÑþ³µÏÕ×¨ÓÃä¯ÀÀÆ÷.exe 0x1:0x16136E>)
   -(BaseThreadInitThunk)
   -(RtlInitializeExceptionChain)
   -(RtlInitializeExceptionChain)
[2016-12-15 11:42:49] Thread(6756, ExceptionCode: 0xC0000005, ExceptionAddress: 137FD0A2):
   -[Error:0x7e](0x137FD0A2, <C:\Users\lee\Documents\Visual Studio 2005\Projects\RunRobotTese\debug\RunRobotTese.dll 0x2:0x6E0A2>)
   -[Error:0x1e7](0x56236E, <C:\Users\lee\Desktop\yali\yali\ÑþÑþ³µÏÕ×¨ÓÃä¯ÀÀÆ÷.exe 0x1:0x16136E>)
   -(BaseThreadInitThunk)
   -(RtlInitializeExceptionChain)
   -(RtlInitializeExceptionChain)
[2016-12-15 14:41:08] Thread(5168, ExceptionCode: 0xC0000005, ExceptionAddress: 13498460):
   -[Error:0x7e](0x13498460, <C:\Users\lee\Documents\Visual Studio 2005\Projects\RunRobotTese\debug\RunRobotTese.dll 0x2:0x69460>)
   -[Error:0x7e](0x1343CD3C, <C:\Users\lee\Documents\Visual Studio 2005\Projects\RunRobotTese\debug\RunRobotTese.dll 0x2:0xDD3C>)
   -[Error:0x7e](0x1343AFE7, <C:\Users\lee\Documents\Visual Studio 2005\Projects\RunRobotTese\debug\RunRobotTese.dll 0x2:0xBFE7>)
   -[Error:0x7e](0x1347F5E6, <C:\Users\lee\Documents\Visual Studio 2005\Projects\RunRobotTese\debug\RunRobotTese.dll 0x2:0x505E6>)
   -[Error:0x7e](0x1348056B, <C:\Users\lee\Documents\Visual Studio 2005\Projects\RunRobotTese\debug\RunRobotTese.dll 0x2:0x5156B>)
   -[Error:0x7e](0x13480636, <C:\Users\lee\Documents\Visual Studio 2005\Projects\RunRobotTese\debug\RunRobotTese.dll 0x2:0x51636>)
   -[Error:0x7e](0x134793A6, <C:\Users\lee\Documents\Visual Studio 2005\Projects\RunRobotTese\debug\RunRobotTese.dll 0x2:0x4A3A6>)
   -[Error:0x1e7](0x56236E, <C:\Users\lee\Desktop\yali\yali\ÑþÑþ³µÏÕ×¨ÓÃä¯ÀÀÆ÷.exe 0x1:0x16136E>)
   -(BaseThreadInitThunk)
   -(RtlInitializeExceptionChain)
   -(RtlInitializeExceptionChain)
[2016-12-15 14:57:03] Thread(8024, ExceptionCode: 0xC0000005, ExceptionAddress: 136402C0):
   -[Error:0x7e](0x136402C0, <C:\Users\lee\Documents\Visual Studio 2005\Projects\RunRobotTese\debug\RunRobotTest .dll 0x2:0x642C0>)
   -[Error:0x7e](0x135E994C, <C:\Users\lee\Documents\Visual Studio 2005\Projects\RunRobotTese\debug\RunRobotTest .dll 0x2:0xD94C>)
   -[Error:0x7e](0x135E7BF7, <C:\Users\lee\Documents\Visual Studio 2005\Projects\RunRobotTese\debug\RunRobotTest .dll 0x2:0xBBF7>)
   -[Error:0x7e](0x136291C3, <C:\Users\lee\Documents\Visual Studio 2005\Projects\RunRobotTese\debug\RunRobotTest .dll 0x2:0x4D1C3>)
   -[Error:0x7e](0x1362A16F, <C:\Users\lee\Documents\Visual Studio 2005\Projects\RunRobotTese\debug\RunRobotTest .dll 0x2:0x4E16F>)
   -[Error:0x7e](0x1362A236, <C:\Users\lee\Documents\Visual Studio 2005\Projects\RunRobotTese\debug\RunRobotTest .dll 0x2:0x4E236>)
   -[Error:0x7e](0x13623745, <C:\Users\lee\Documents\Visual Studio 2005\Projects\RunRobotTese\debug\RunRobotTest .dll 0x2:0x47745>)
   -[Error:0x1e7](0x56236E, <C:\Users\lee\Desktop\yali\yali\ÑþÑþ³µÏÕ×¨ÓÃä¯ÀÀÆ÷.exe 0x1:0x16136E>)
   -(BaseThreadInitThunk)
   -(RtlInitializeExceptionChain)
   -(RtlInitializeExceptionChain)
